[31.12.2020 14:15:33] info: Logged in as FaktatfromBaghdad#4568
[31.12.2020 14:24:04] info: Logged in as FaktatfromBaghdad#4568
[31.12.2020 14:25:16] info: Logged in as FaktatfromBaghdad#4568
[31.12.2020 14:25:19] info: mxr#0001 (128685552450011137) ran command util:ping
[31.12.2020 14:25:50] info: mxr#0001 (128685552450011137) ran command util:eval
[31.12.2020 14:27:51] info: Logged in as FaktatfromBaghdad#4568
[31.12.2020 14:29:51] info: Logged in as FaktatfromBaghdad#4568
[31.12.2020 14:30:19] info: Logged in as FaktatfromBaghdad#4568
[31.12.2020 14:34:18] info: Logged in as FaktatfromBaghdad#4568
[31.12.2020 14:34:23] info: mxr#0001 (128685552450011137) ran command util:unknown-command
[31.12.2020 14:35:03] info: Logged in as FaktatfromBaghdad#4568
[31.12.2020 14:35:05] info: mxr#0001 (128685552450011137) ran command util:unknown-command
[31.12.2020 14:35:25] info: Logged in as FaktatfromBaghdad#4568
[31.12.2020 14:35:28] info: mxr#0001 (128685552450011137) ran command util:unknown-command
[31.12.2020 14:38:21] info: Logged in as FaktatfromBaghdad#4568
[31.12.2020 14:38:26] error: Error occurred when running command util:unknown-command client is not defined
[31.12.2020 14:38:41] info: Logged in as FaktatfromBaghdad#4568
[31.12.2020 14:38:50] info: mxr#0001 (128685552450011137) ran command util:unknown-command
[31.12.2020 14:38:55] info: mxr#0001 (128685552450011137) ran command util:unknown-command
[31.12.2020 14:39:11] info: Logged in as FaktatfromBaghdad#4568
[31.12.2020 14:39:19] info: mxr#0001 (128685552450011137) ran command util:unknown-command
[31.12.2020 14:39:33] info: Logged in as FaktatfromBaghdad#4568
[31.12.2020 14:39:38] info: mxr#0001 (128685552450011137) ran command util:unknown-command
[31.12.2020 14:40:06] info: mxr#0001 (128685552450011137) ran command util:unknown-command
[31.12.2020 14:40:11] info: Logged in as FaktatfromBaghdad#4568
[31.12.2020 14:40:13] info: mxr#0001 (128685552450011137) ran command util:unknown-command
[31.12.2020 14:40:15] info: mxr#0001 (128685552450011137) ran command util:unknown-command
[31.12.2020 14:41:08] info: Logged in as FaktatfromBaghdad#4568
[31.12.2020 14:41:11] info: mxr#0001 (128685552450011137) ran command util:unknown-command with args: ?
[31.12.2020 14:41:20] info: mxr#0001 (128685552450011137) ran command util:unknown-command with args: ?
[31.12.2020 14:42:07] info: Logged in as FaktatfromBaghdad#4568
